Build started 19/11/2016 21:29:22.
     1>Project "C:\Researchwork\VCProj\sjcamOpenCV\sjcamOpenCV\sjcamOpenCV.vcxproj" on node 2 (build target(s)).
     1>InitializeBuildStatus:
         Creating "Release\sjcamOpenCV.unsuccessfulbuild" because "AlwaysCreate" was specified.
       ClCompile:
         c:\Program Files (x86)\Microsoft Visual Studio 10.0\VC\bin\CL.exe /c /I./include /Zi /nologo /W3 /WX- /O2 /Oi /Oy- /GL /D WIN32 /D NDEBUG /D _CONSOLE /D _UNICODE /D UNICODE /Gm- /EHsc /MD /GS /Gy /fp:precise /Zc:wchar_t /Zc:forScope /Fo"Release\\" /Fd"Release\vc100.pdb" /Gd /TP /analyze- /errorReport:prompt main.cpp
         main.cpp
       Link:
         c:\Program Files (x86)\Microsoft Visual Studio 10.0\VC\bin\link.exe /ERRORREPORT:PROMPT /OUT:"C:\Researchwork\VCProj\sjcamOpenCV\Release\sjcamOpenCV.exe" /INCREMENTAL:NO /NOLOGO /LIBPATH:./lib opencv_core2413.lib opencv_highgui2413.lib opencv_imgproc2413.lib kernel32.lib user32.lib gdi32.lib winspool.lib comdlg32.lib advapi32.lib shell32.lib ole32.lib oleaut32.lib uuid.lib odbc32.lib odbccp32.lib /MANIFEST /ManifestFile:"Release\sjcamOpenCV.exe.intermediate.manifest" /MANIFESTUAC:"level='asInvoker' uiAccess='false'" /DEBUG /PDB:"C:\Researchwork\VCProj\sjcamOpenCV\Release\sjcamOpenCV.pdb" /SUBSYSTEM:CONSOLE /OPT:REF /OPT:ICF /LTCG /TLBID:1 /DYNAMICBASE /NXCOMPAT /IMPLIB:"C:\Researchwork\VCProj\sjcamOpenCV\Release\sjcamOpenCV.lib" /MACHINE:X86 Release\main.obj
         Generating code
         Finished generating code
         sjcamOpenCV.vcxproj -> C:\Researchwork\VCProj\sjcamOpenCV\Release\sjcamOpenCV.exe
       Manifest:
         c:\Program Files (x86)\Microsoft SDKs\Windows\v7.0A\bin\mt.exe /nologo /verbose /outputresource:"C:\Researchwork\VCProj\sjcamOpenCV\Release\sjcamOpenCV.exe;#1" /manifest Release\sjcamOpenCV.exe.intermediate.manifest
       FinalizeBuildStatus:
         Deleting file "Release\sjcamOpenCV.unsuccessfulbuild".
         Touching "Release\sjcamOpenCV.lastbuildstate".
     1>Done Building Project "C:\Researchwork\VCProj\sjcamOpenCV\sjcamOpenCV\sjcamOpenCV.vcxproj" (build target(s)).

Build succeeded.

Time Elapsed 00:00:03.66
